{"time":"2018-09-09T10:59:15.486","ms":"20.000","sessionId":"b9toou5lok","q":"(:q \"visit red\")","lines":[],"count":2,"stats":{"type":"q","size":0,"status":"Nothing","author":"None","walltime":0.017561148,"count":2}}
{"time":"2018-09-09T11:01:57.480","ms":"47.000","sessionId":"b9toou5lok","q":"(:q \"visit [0,0]\")","lines":[],"count":4,"stats":{"type":"q","size":1,"status":"Core","author":"None","walltime":0.044234586,"count":4}}
{"time":"2018-09-09T11:02:06.851","ms":"18.000","sessionId":"b9toou5lok","q":"(:q \"visit world containing item is red\")","lines":[],"count":7,"stats":{"type":"q","size":1,"status":"Core","author":"None","walltime":0.016059836,"count":7}}
{"time":"2018-09-09T11:02:10.009","ms":"14.000","sessionId":"b9toou5lok","q":"(:q \"pick red\")","lines":[],"count":10,"stats":{"type":"q","size":0,"status":"Nothing","author":"None","walltime":0.005167888,"count":10}}
{"time":"2018-09-09T11:02:15.424","ms":"14.000","sessionId":"b9toou5lok","q":"(:q \"pick item is red\")","lines":[],"count":12,"stats":{"type":"q","size":1,"status":"Core","author":"None","walltime":0.01248899,"count":12}}
{"time":"2018-09-09T11:02:47.561","ms":"8.000","sessionId":"b9toou5lok","q":"(:q \"pick yellow\")","lines":[],"count":15,"stats":{"type":"q","size":0,"status":"Nothing","author":"None","walltime":0.001924987,"count":15}}
{"time":"2018-09-09T11:03:09.223","ms":"7.000","sessionId":"b9toou5lok","q":"(:q \"pick item is yellow\")","lines":[],"count":17,"stats":{"type":"q","size":1,"status":"Core","author":"None","walltime":0.006030361,"count":17}}
{"time":"2018-09-09T11:03:27.850","ms":"8.000","sessionId":"b9toou5lok","q":"(:q \"drop triangle\")","lines":[],"count":22,"stats":{"type":"q","size":1,"status":"Induced","author":"Self","walltime":0.006007483,"count":22}}
{"time":"2018-09-09T11:04:17.919","ms":"7.000","sessionId":"b9toou5lok","q":"(:q \"pick item is red\")","lines":[],"count":27,"stats":{"type":"q","size":1,"status":"Core","author":"None","walltime":0.005602105,"count":27}}
{"time":"2018-09-09T11:07:25.727","ms":"6.000","sessionId":"b9toou5lok","q":"(:q \"drop is not is red and is triangle\")","lines":[],"count":30,"stats":{"type":"q","size":0,"status":"Nothing","author":"None","walltime":0.004321054,"count":30}}
{"time":"2018-09-09T11:07:30.211","ms":"7.000","sessionId":"b9toou5lok","q":"(:q \"drop not is red and is triangle\")","lines":[],"count":32,"stats":{"type":"q","size":0,"status":"Nothing","author":"None","walltime":0.00457378,"count":32}}
{"time":"2018-09-09T11:07:36.383","ms":"15.000","sessionId":"b9toou5lok","q":"(:q \"drop item not is red and is triangle\")","lines":[],"count":34,"stats":{"type":"q","size":2,"status":"Core","author":"None","walltime":0.011645688,"count":34}}
{"time":"2018-09-09T11:08:48.372","ms":"4.000","sessionId":"b9toou5lok","q":"(:q \"pick blue\")","lines":[],"count":37,"stats":{"type":"q","size":2,"status":"Induced","author":"Self","walltime":0.002785956,"count":37}}
{"time":"2018-09-09T11:09:14.745","ms":"6.000","sessionId":"b9toou5lok","q":"(:q \"get blue\")","lines":[],"count":40,"stats":{"type":"q","size":0,"status":"Nothing","author":"None","walltime":0.004015233,"count":40}}
{"time":"2018-09-09T11:09:23.619","ms":"16.000","sessionId":"b9toou5lok","q":"(:q \"visit world containing item is blue; pick blue\")","lines":[],"count":42,"stats":{"type":"q","size":2,"status":"Induced","author":"Self","walltime":0.011839764,"count":42}}
{"time":"2018-09-09T11:09:33.458","ms":"6.000","sessionId":"b9toou5lok","q":"(:q \"get triangle\")","lines":[],"count":47,"stats":{"type":"q","size":1,"status":"Induced","author":"Self","walltime":0.004635453,"count":47}}
{"time":"2018-09-09T11:11:22.866","ms":"2.000","sessionId":"45njk1lkpn","q":"(:q \"move left\")","lines":[],"count":50,"stats":{"type":"q","size":1,"status":"Core","author":"None","walltime":0.001360306,"count":50}}
{"time":"2018-09-09T11:11:32.783","ms":"2.000","sessionId":"45njk1lkpn","q":"(:q \"move left\")","lines":[],"count":53,"stats":{"type":"q","size":1,"status":"Core","author":"None","walltime":0.00146516,"count":53}}
{"time":"2018-09-09T11:11:36.457","ms":"2.000","sessionId":"45njk1lkpn","q":"(:q \"move right\")","lines":[],"count":55,"stats":{"type":"q","size":1,"status":"Core","author":"None","walltime":0.001589442,"count":55}}
{"time":"2018-09-09T11:11:43.984","ms":"1.000","sessionId":"45njk1lkpn","q":"(:q \"move right\")","lines":[],"count":58,"stats":{"type":"q","size":1,"status":"Core","author":"None","walltime":0.001346483,"count":58}}
{"time":"2018-09-09T11:13:29.020","ms":"7.000","sessionId":"45njk1lkpn","q":"(:q \"visit [3, 4]\")","lines":[],"count":60,"stats":{"type":"q","size":1,"status":"Core","author":"None","walltime":0.005065383,"count":60}}
{"time":"2018-09-09T11:13:42.347","ms":"9.000","sessionId":"45njk1lkpn","q":"(:q \"visit [3, 4]\")","lines":[],"count":62,"stats":{"type":"q","size":1,"status":"Core","author":"None","walltime":0.006905851,"count":62}}
{"time":"2018-09-09T11:13:52.481","ms":"6.000","sessionId":"45njk1lkpn","q":"(:q \"move up\")","lines":[],"count":65,"stats":{"type":"q","size":1,"status":"Core","author":"None","walltime":0.003866007,"count":65}}
{"time":"2018-09-09T11:13:55.939","ms":"9.000","sessionId":"45njk1lkpn","q":"(:q \"move up\")","lines":[],"count":68,"stats":{"type":"q","size":1,"status":"Core","author":"None","walltime":0.007056158,"count":68}}
{"time":"2018-09-09T11:14:02.060","ms":"9.000","sessionId":"45njk1lkpn","q":"(:q \"move up\")","lines":[],"count":71,"stats":{"type":"q","size":1,"status":"Core","author":"None","walltime":0.007393373,"count":71}}
{"time":"2018-09-09T11:14:11.411","ms":"5.000","sessionId":"45njk1lkpn","q":"(:q \"move down\")","lines":[],"count":74,"stats":{"type":"q","size":1,"status":"Core","author":"None","walltime":0.003652619,"count":74}}
{"time":"2018-09-09T11:14:21.695","ms":"7.000","sessionId":"45njk1lkpn","q":"(:q \"repeat 2 times move left\")","lines":[],"count":77,"stats":{"type":"q","size":1,"status":"Core","author":"None","walltime":0.0050793,"count":77}}
{"time":"2018-09-09T11:14:54.701","ms":"7.000","sessionId":"45njk1lkpn","q":"(:q \"pick item is blue\")","lines":[],"count":80,"stats":{"type":"q","size":1,"status":"Core","author":"None","walltime":0.004689356,"count":80}}
{"time":"2018-09-09T11:15:01.931","ms":"4.000","sessionId":"45njk1lkpn","q":"(:q \"visit item is blue\")","lines":[],"count":83,"stats":{"type":"q","size":0,"status":"Nothing","author":"None","walltime":0.002542778,"count":83}}
{"time":"2018-09-09T11:16:09.599","ms":"5.000","sessionId":"45njk1lkpn","q":"(:q \"visit room 5\")","lines":[],"count":85,"stats":{"type":"q","size":0,"status":"Nothing","author":"None","walltime":0.002150092,"count":85}}
{"time":"2018-09-09T11:16:17.170","ms":"9.000","sessionId":"45njk1lkpn","q":"(:q \"visit room5\")","lines":[],"count":87,"stats":{"type":"q","size":1,"status":"Core","author":"None","walltime":0.00771575,"count":87}}
{"time":"2018-09-09T11:18:18.870","ms":"11.000","sessionId":"45njk1lkpn","q":"(:q \"foreach point in room5 visit point\")","lines":[],"count":89,"stats":{"type":"q","size":1,"status":"Core","author":"None","walltime":0.010165563,"count":89}}
{"time":"2018-09-09T11:18:58.036","ms":"9.000","sessionId":"45njk1lkpn","q":"(:q \"foreach room in [room4, room5] foreach point in room visit point\")","lines":[],"count":92,"stats":{"type":"q","size":0,"status":"Nothing","author":"None","walltime":0.007247887,"count":92}}
{"time":"2018-09-09T11:19:13.140","ms":"12.000","sessionId":"45njk1lkpn","q":"(:q \"foreach room in [room4, room5] {foreach point in room visit point}\")","lines":[],"count":94,"stats":{"type":"q","size":0,"status":"Nothing","author":"None","walltime":0.009936279,"count":94}}
{"time":"2018-09-09T11:19:38.134","ms":"19.000","sessionId":"45njk1lkpn","q":"(:q \"foreach area in [room4, room5] {foreach point in area visit point}\")","lines":[],"count":96,"stats":{"type":"q","size":1,"status":"Core","author":"None","walltime":0.017282561,"count":96}}
{"time":"2018-09-09T11:20:49.022","ms":"5.000","sessionId":"45njk1lkpn","q":"(:q \"visit world containing item is blue\")","lines":[],"count":99,"stats":{"type":"q","size":1,"status":"Core","author":"None","walltime":0.003407968,"count":99}}
{"time":"2018-09-09T11:20:56.006","ms":"6.000","sessionId":"45njk1lkpn","q":"(:q \"visit world containing item is blue\")","lines":[],"count":102,"stats":{"type":"q","size":1,"status":"Core","author":"None","walltime":0.004386715,"count":102}}
{"time":"2018-09-09T11:21:34.531","ms":"4.000","sessionId":"45njk1lkpn","q":"(:q \"rooms\")","lines":[],"count":105,"stats":{"type":"q","size":0,"status":"Nothing","author":"None","walltime":0.001840601,"count":105}}
{"time":"2018-09-09T11:22:47.271","ms":"4.000","sessionId":"45njk1lkpn","q":"(:q \"move right 3\")","lines":[],"count":107,"stats":{"type":"q","size":0,"status":"Nothing","author":"None","walltime":0.001992644,"count":107}}
{"time":"2018-09-09T11:22:54.556","ms":"6.000","sessionId":"45njk1lkpn","q":"(:q \"repeat 3 times move right\")","lines":[],"count":109,"stats":{"type":"q","size":1,"status":"Core","author":"None","walltime":0.004227488,"count":109}}
{"time":"2018-09-09T11:22:59.551","ms":"8.000","sessionId":"45njk1lkpn","q":"(:q \"repeat 3 times move right;\")","lines":[],"count":111,"stats":{"type":"q","size":2,"status":"Core","author":"None","walltime":0.00675462,"count":111}}
{"time":"2018-09-09T11:23:27.461","ms":"4.000","sessionId":"45njk1lkpn","q":"(:q \"move right 3\")","lines":[],"count":117,"stats":{"type":"q","size":0,"status":"Nothing","author":"None","walltime":0.002069284,"count":117}}
{"time":"2018-09-09T11:23:34.396","ms":"7.000","sessionId":"45njk1lkpn","q":"(:q \"repeat 3 times move right\")","lines":[],"count":119,"stats":{"type":"q","size":1,"status":"Core","author":"None","walltime":0.004739509,"count":119}}
{"time":"2018-09-09T11:23:46.241","ms":"6.000","sessionId":"45njk1lkpn","q":"(:q \"move right 2\")","lines":[],"count":124,"stats":{"type":"q","size":2,"status":"Induced","author":"Self","walltime":0.005245324,"count":124}}
{"time":"2018-09-09T11:26:30.513","ms":"8.000","sessionId":"45njk1lkpn","q":"(:q \"visit [9,8] while avoiding room3\")","lines":[],"count":126,"stats":{"type":"q","size":1,"status":"Core","author":"None","walltime":0.006255475,"count":126}}
{"time":"2018-09-09T11:26:58.474","ms":"17.000","sessionId":"45njk1lkpn","q":"(:q \"foreach point in area with corners [3,3] and [4,5] { visit point }\")","lines":[],"count":129,"stats":{"type":"q","size":1,"status":"Core","author":"None","walltime":0.015238005,"count":129}}
{"time":"2018-09-09T11:27:10.801","ms":"11.000","sessionId":"45njk1lkpn","q":"(:q \"foreach point in area with corners [3,3] and [4,5] { visit point }\")","lines":[],"count":132,"stats":{"type":"q","size":1,"status":"Core","author":"None","walltime":0.009268809,"count":132}}
{"time":"2018-09-09T11:28:12.587","ms":"6.000","sessionId":"45njk1lkpn","q":"(:q \"if move up {move left} {move right}\")","lines":[],"count":134,"stats":{"type":"q","size":0,"status":"Nothing","author":"None","walltime":0.004608807,"count":134}}
{"time":"2018-09-09T11:28:43.365","ms":"4.000","sessionId":"45njk1lkpn","q":"(:q \"if possible move up {move right}\")","lines":[],"count":136,"stats":{"type":"q","size":1,"status":"Core","author":"None","walltime":0.00352132,"count":136}}
{"time":"2018-09-09T11:28:57.998","ms":"6.000","sessionId":"45njk1lkpn","q":"(:q \"if possible move down {move down}\")","lines":[],"count":139,"stats":{"type":"q","size":1,"status":"Core","author":"None","walltime":0.004391236,"count":139}}
{"time":"2018-09-09T11:30:48.567","ms":"2.000","sessionId":"t2i4f4fglc","q":"(:q \"move right 3\")","lines":[],"count":147,"stats":{"type":"q","size":0,"status":"Nothing","author":"None","walltime":0.001469983,"count":147}}
{"time":"2018-09-09T11:31:01.462","ms":"4.000","sessionId":"t2i4f4fglc","q":"(:q \"repeat 3 times move right\")","lines":[],"count":149,"stats":{"type":"q","size":1,"status":"Core","author":"None","walltime":0.002935573,"count":149}}
{"time":"2018-09-09T11:31:41.131","ms":"6.000","sessionId":"t2i4f4fglc","q":"(:q \"repeat 3 times move up\")","lines":[],"count":156,"stats":{"type":"q","size":1,"status":"Core","author":"None","walltime":0.00490193,"count":156}}
{"time":"2018-09-09T11:32:13.766","ms":"8.000","sessionId":"t2i4f4fglc","q":"(:q \"move left 4\")","lines":[],"count":162,"stats":{"type":"q","size":2,"status":"Induced","author":"Self","walltime":0.005875763,"count":162}}
{"time":"2018-09-09T11:32:17.899","ms":"8.000","sessionId":"t2i4f4fglc","q":"(:q \"move down 2\")","lines":[],"count":165,"stats":{"type":"q","size":2,"status":"Induced","author":"Self","walltime":0.005684004,"count":165}}
{"time":"2018-09-09T11:32:45.904","ms":"3.000","sessionId":"t2i4f4fglc","q":"(:q \"start\")","lines":[],"count":168,"stats":{"type":"q","size":0,"status":"Nothing","author":"None","walltime":0.001578221,"count":168}}
{"time":"2018-09-09T11:36:15.877","ms":"3.000","sessionId":"t2i4f4fglc","q":"(:q \"pick green\")","lines":[],"count":170,"stats":{"type":"q","size":0,"status":"Nothing","author":"None","walltime":0.001451768,"count":170}}
{"time":"2018-09-09T11:36:26.788","ms":"6.000","sessionId":"t2i4f4fglc","q":"(:q \"pick item is green\")","lines":[],"count":172,"stats":{"type":"q","size":1,"status":"Core","author":"None","walltime":0.004377608,"count":172}}
{"time":"2018-09-09T11:37:31.903","ms":"3.000","sessionId":"t2i4f4fglc","q":"(:q \"pick green and square\")","lines":[],"count":178,"stats":{"type":"q","size":0,"status":"Nothing","author":"None","walltime":0.00171794,"count":178}}
{"time":"2018-09-09T11:37:56.726","ms":"9.000","sessionId":"t2i4f4fglc","q":"(:q \"pick item is green and is square\")","lines":[],"count":180,"stats":{"type":"q","size":1,"status":"Core","author":"None","walltime":0.007276719,"count":180}}
{"time":"2018-09-09T11:38:22.050","ms":"7.000","sessionId":"t2i4f4fglc","q":"(:q \"move right 3\")","lines":[],"count":183,"stats":{"type":"q","size":2,"status":"Induced","author":"Self","walltime":0.00531766,"count":183}}
{"time":"2018-09-09T11:38:32.619","ms":"7.000","sessionId":"t2i4f4fglc","q":"(:q \"move right 2\")","lines":[],"count":186,"stats":{"type":"q","size":2,"status":"Induced","author":"Self","walltime":0.004512072,"count":186}}
{"time":"2018-09-09T11:38:50.994","ms":"7.000","sessionId":"t2i4f4fglc","q":"(:q \"pick item is green and is square\")","lines":[],"count":189,"stats":{"type":"q","size":1,"status":"Core","author":"None","walltime":0.004849653,"count":189}}
{"time":"2018-09-09T11:40:34.355","ms":"8.000","sessionId":"t2i4f4fglc","q":"(:q \"visit world containing item is yellow and is circle\")","lines":[],"count":192,"stats":{"type":"q","size":1,"status":"Core","author":"None","walltime":0.006404187,"count":192}}
{"time":"2018-09-09T11:42:27.910","ms":"10.000","sessionId":"t2i4f4fglc","q":"(:q \"foreach area in rooms {if area containing item is yellow and item is circle {visit area}}\")","lines":[],"count":195,"stats":{"type":"q","size":0,"status":"Nothing","author":"None","walltime":0.00830312,"count":195}}
{"time":"2018-09-09T11:43:04.084","ms":"6.000","sessionId":"t2i4f4fglc","q":"(:q \"visit world containing item is yellow and item is circle\")","lines":[],"count":197,"stats":{"type":"q","size":0,"status":"Nothing","author":"None","walltime":0.004611596,"count":197}}
{"time":"2018-09-09T11:44:20.921","ms":"13.000","sessionId":"t2i4f4fglc","q":"(:q \"foreach area in rooms {if area containing item is yellow and area is containing item is circle {visit area}}\")","lines":[],"count":202,"stats":{"type":"q","size":0,"status":"Nothing","author":"None","walltime":0.010254839,"count":202}}
{"time":"2018-09-09T11:45:26.346","ms":"12.000","sessionId":"t2i4f4fglc","q":"(:q \"foreach area in rooms {if area containing item is yellow and area containing item is circle {visit area}}\")","lines":[],"count":204,"stats":{"type":"q","size":0,"status":"Nothing","author":"None","walltime":0.010096147,"count":204}}
{"time":"2018-09-09T11:46:34.986","ms":"4.000","sessionId":"t2i4f4fglc","q":"(:q \"visit world containing item yellow and containing item circle\")","lines":[],"count":206,"stats":{"type":"q","size":0,"status":"Nothing","author":"None","walltime":0.002574608,"count":206}}
{"time":"2018-09-09T11:46:44.294","ms":"12.000","sessionId":"t2i4f4fglc","q":"(:q \"visit world containing item yellow\")","lines":[],"count":208,"stats":{"type":"q","size":0,"status":"Nothing","author":"None","walltime":0.001969829,"count":208}}
{"time":"2018-09-09T11:47:29.363","ms":"5.000","sessionId":"t2i4f4fglc","q":"(:q \"pick item is green and item is square\")","lines":[],"count":210,"stats":{"type":"q","size":0,"status":"Nothing","author":"None","walltime":0.003170975,"count":210}}
{"time":"2018-09-09T11:47:49.238","ms":"4.000","sessionId":"t2i4f4fglc","q":"(:q \"pick item is green and item is square\")","lines":[],"count":212,"stats":{"type":"q","size":0,"status":"Nothing","author":"None","walltime":0.003058413,"count":212}}
{"time":"2018-09-09T11:48:02.891","ms":"7.000","sessionId":"t2i4f4fglc","q":"(:q \"pick item is green and is square\")","lines":[],"count":214,"stats":{"type":"q","size":1,"status":"Core","author":"None","walltime":0.004925525,"count":214}}
{"time":"2018-09-09T11:49:18.161","ms":"10.000","sessionId":"t2i4f4fglc","q":"(:q \"visit {world containing item is yellow} and {world containing item is circle}\")","lines":[],"count":217,"stats":{"type":"q","size":1,"status":"Core","author":"None","walltime":0.007968858,"count":217}}
{"time":"2018-09-09T11:50:22.013","ms":"5.000","sessionId":"t2i4f4fglc","q":"(:q \"visit {containing yellow} and {containing circle}\")","lines":[],"count":220,"stats":{"type":"q","size":0,"status":"Nothing","author":"None","walltime":0.003421899,"count":220}}
{"time":"2018-09-09T11:51:30.223","ms":"8.000","sessionId":"t2i4f4fglc","q":"(:q \"visit {world containing item is yellow} and {world containing item is circle}\")","lines":[],"count":225,"stats":{"type":"q","size":1,"status":"Core","author":"None","walltime":0.005922404,"count":225}}
{"time":"2018-09-09T11:51:47.677","ms":"4.000","sessionId":"t2i4f4fglc","q":"(:q \"pick yellow\")","lines":[],"count":228,"stats":{"type":"q","size":2,"status":"Induced","author":"Self","walltime":0.00335812,"count":228}}
{"time":"2018-09-09T11:52:02.055","ms":"6.000","sessionId":"t2i4f4fglc","q":"(:q \"pick yellow\")","lines":[],"count":233,"stats":{"type":"q","size":2,"status":"Induced","author":"Self","walltime":0.003471015,"count":233}}
{"time":"2018-09-09T11:54:48.535","ms":"7.000","sessionId":"t2i4f4fglc","q":"(:q \"visit world minus {world containing item}\")","lines":[],"count":236,"stats":{"type":"q","size":1,"status":"Core","author":"None","walltime":0.004964567,"count":236}}
{"time":"2018-09-09T11:55:44.412","ms":"3.000","sessionId":"t2i4f4fglc","q":"(:q \"visit green\")","lines":[],"count":241,"stats":{"type":"q","size":0,"status":"Nothing","author":"None","walltime":0.001518763,"count":241}}
{"time":"2018-09-09T11:55:58.218","ms":"5.000","sessionId":"t2i4f4fglc","q":"(:q \"visit world containing item is green\")","lines":[],"count":243,"stats":{"type":"q","size":1,"status":"Core","author":"None","walltime":0.003921787,"count":243}}
{"time":"2018-09-09T11:56:14.471","ms":"6.000","sessionId":"t2i4f4fglc","q":"(:q \"pick green\")","lines":[],"count":249,"stats":{"type":"q","size":2,"status":"Induced","author":"Self","walltime":0.004108667,"count":249}}
{"time":"2018-09-09T11:56:34.013","ms":"4.000","sessionId":"t2i4f4fglc","q":"(:q \"pick green and circle\")","lines":[],"count":251,"stats":{"type":"q","size":0,"status":"Nothing","author":"None","walltime":0.002738884,"count":251}}
{"time":"2018-09-09T11:56:48.218","ms":"6.000","sessionId":"t2i4f4fglc","q":"(:q \"pick item is green and is circle\")","lines":[],"count":253,"stats":{"type":"q","size":1,"status":"Core","author":"None","walltime":0.004833831,"count":253}}
{"time":"2018-09-09T11:57:13.751","ms":"3.000","sessionId":"t2i4f4fglc","q":"(:q \"visit red and triangle\")","lines":[],"count":258,"stats":{"type":"q","size":0,"status":"Nothing","author":"None","walltime":0.002141435,"count":258}}
{"time":"2018-09-09T11:57:29.489","ms":"9.000","sessionId":"t2i4f4fglc","q":"(:q \"visit world containing item is red and is triangle\")","lines":[],"count":260,"stats":{"type":"q","size":1,"status":"Core","author":"None","walltime":0.006962753,"count":260}}
{"time":"2018-09-09T11:57:41.396","ms":"9.000","sessionId":"t2i4f4fglc","q":"(:q \"pick red and triangle\")","lines":[],"count":265,"stats":{"type":"q","size":2,"status":"Induced","author":"Self","walltime":0.004775592,"count":265}}
{"time":"2018-09-09T11:58:03.585","ms":"11.000","sessionId":"t2i4f4fglc","q":"(:q \"visit yellow and square; pick yellow and square\")","lines":[],"count":268,"stats":{"type":"q","size":4,"status":"Induced","author":"Self","walltime":0.008961434,"count":268}}
{"time":"2018-09-09T11:58:13.048","ms":"5.000","sessionId":"t2i4f4fglc","q":"(:q \"visit empty\")","lines":[],"count":271,"stats":{"type":"q","size":1,"status":"Induced","author":"Self","walltime":0.002554681,"count":271}}
{"time":"2018-09-09T11:58:28.473","ms":"4.000","sessionId":"t2i4f4fglc","q":"(:q \"visit empty;\")","lines":[],"count":273,"stats":{"type":"q","size":1,"status":"Induced","author":"Self","walltime":0.003043691,"count":273}}
{"time":"2018-09-09T11:58:39.766","ms":"3.000","sessionId":"t2i4f4fglc","q":"(:q \"drop green and circle\")","lines":[],"count":276,"stats":{"type":"q","size":1,"status":"Induced","author":"Self","walltime":0.001489937,"count":276}}
{"time":"2018-09-09T11:59:07.564","ms":"12.000","sessionId":"t2i4f4fglc","q":"(:q \"visit empty; drop red and triangle; visit empty; drop yellow and square\")","lines":[],"count":279,"stats":{"type":"q","size":1,"status":"Induced","author":"Self","walltime":0.0101219,"count":279}}
{"time":"2018-09-09T12:00:44.018","ms":"5.000","sessionId":"t2i4f4fglc","q":"(:q \"visit world containing triangle and {world containig}\")","lines":[],"count":282,"stats":{"type":"q","size":0,"status":"Nothing","author":"None","walltime":0.003724956,"count":282}}
{"time":"2018-09-09T12:01:22.106","ms":"11.000","sessionId":"t2i4f4fglc","q":"(:q \"visit {world containing item is triangle} and {world containing item is green}\")","lines":[],"count":284,"stats":{"type":"q","size":1,"status":"Core","author":"None","walltime":0.009131162,"count":284}}
{"time":"2018-09-09T12:01:49.536","ms":"4.000","sessionId":"t2i4f4fglc","q":"(:q \"pick all\")","lines":[],"count":287,"stats":{"type":"q","size":0,"status":"Nothing","author":"None","walltime":0.002103057,"count":287}}
{"time":"2018-09-09T12:02:53.354","ms":"3.000","sessionId":"t2i4f4fglc","q":"(:q \"pick all in current field\")","lines":[],"count":289,"stats":{"type":"q","size":0,"status":"Nothing","author":"None","walltime":0.001833875,"count":289}}
{"time":"2018-09-09T12:03:36.341","ms":"5.000","sessionId":"t2i4f4fglc","q":"(:q \"pick item\")","lines":[],"count":291,"stats":{"type":"q","size":1,"status":"Core","author":"None","walltime":0.002934103,"count":291}}
{"time":"2018-09-09T12:04:14.487","ms":"6.000","sessionId":"t2i4f4fglc","q":"(:q \"visit red and triangle\")","lines":[],"count":294,"stats":{"type":"q","size":2,"status":"Induced","author":"Self","walltime":0.004492469,"count":294}}
{"time":"2018-09-09T12:04:27.157","ms":"6.000","sessionId":"t2i4f4fglc","q":"(:q \"pick red and triangle\")","lines":[],"count":297,"stats":{"type":"q","size":2,"status":"Induced","author":"Self","walltime":0.004124754,"count":297}}
{"time":"2018-09-09T12:06:46.730","ms":"7.000","sessionId":"t2i4f4fglc","q":"(:q \"foreach point in world containing item is red {visit point; pick every item is red}\")","lines":[],"count":300,"stats":{"type":"q","size":1,"status":"Core","author":"None","walltime":0.006002254,"count":300}}
{"time":"2018-09-09T12:07:35.417","ms":"10.000","sessionId":"t2i4f4fglc","q":"(:q \"pick all blue\")","lines":[],"count":304,"stats":{"type":"q","size":2,"status":"Induced","author":"Self","walltime":0.008265813,"count":304}}
{"time":"2018-09-09T12:07:56.884","ms":"4.000","sessionId":"t2i4f4fglc","q":"(:q \"visit room3; drop all blue\")","lines":[],"count":307,"stats":{"type":"q","size":1,"status":"Induced","author":"Self","walltime":0.00250879,"count":307}}
{"time":"2018-09-09T12:08:25.229","ms":"5.000","sessionId":"t2i4f4fglc","q":"(:q \"visit room3; drop all blue\")","lines":[],"count":310,"stats":{"type":"q","size":1,"status":"Induced","author":"Self","walltime":0.004020867,"count":310}}
{"time":"2018-09-09T12:09:00.075","ms":"6.000","sessionId":"t2i4f4fglc","q":"(:q \"visit room3; drop every item is blue\")","lines":[],"count":312,"stats":{"type":"q","size":1,"status":"Core","author":"None","walltime":0.004023085,"count":312}}
{"time":"2018-09-09T12:09:29.096","ms":"3.000","sessionId":"t2i4f4fglc","q":"(:q \"pick all item\")","lines":[],"count":315,"stats":{"type":"q","size":0,"status":"Nothing","author":"None","walltime":0.002119855,"count":315}}
{"time":"2018-09-09T12:10:10.565","ms":"13.000","sessionId":"t2i4f4fglc","q":"(:q \"foreach point in world containing item {visit point; pick every item}\")","lines":[],"count":317,"stats":{"type":"q","size":1,"status":"Core","author":"None","walltime":0.010504025,"count":317}}
{"time":"2018-09-09T12:10:27.740","ms":"4.000","sessionId":"t2i4f4fglc","q":"(:q \"visit room1\")","lines":[],"count":322,"stats":{"type":"q","size":1,"status":"Core","author":"None","walltime":0.003036132,"count":322}}
{"time":"2018-09-09T12:10:39.368","ms":"5.000","sessionId":"t2i4f4fglc","q":"(:q \"drop every item\")","lines":[],"count":325,"stats":{"type":"q","size":1,"status":"Core","author":"None","walltime":0.003118887,"count":325}}
{"time":"2018-09-09T12:10:56.511","ms":"6.000","sessionId":"t2i4f4fglc","q":"(:q \"pick red 3\")","lines":[],"count":328,"stats":{"type":"q","size":2,"status":"Induced","author":"Self","walltime":0.00372385,"count":328}}
{"time":"2018-09-09T12:11:08.256","ms":"3.000","sessionId":"t2i4f4fglc","q":"(:q \"move left\")","lines":[],"count":331,"stats":{"type":"q","size":1,"status":"Core","author":"None","walltime":0.001997151,"count":331}}
{"time":"2018-09-09T12:11:25.279","ms":"4.000","sessionId":"t2i4f4fglc","q":"(:q \"drop item\")","lines":[],"count":334,"stats":{"type":"q","size":1,"status":"Core","author":"None","walltime":0.003024593,"count":334}}
{"time":"2018-09-09T12:11:29.176","ms":"4.000","sessionId":"t2i4f4fglc","q":"(:q \"drop item\")","lines":[],"count":336,"stats":{"type":"q","size":1,"status":"Core","author":"None","walltime":0.002674172,"count":336}}
{"time":"2018-09-09T12:11:38.686","ms":"3.000","sessionId":"t2i4f4fglc","q":"(:q \"drop item\")","lines":[],"count":338,"stats":{"type":"q","size":1,"status":"Core","author":"None","walltime":0.00161484,"count":338}}
{"time":"2018-09-09T12:11:42.480","ms":"4.000","sessionId":"t2i4f4fglc","q":"(:q \"move right\")","lines":[],"count":341,"stats":{"type":"q","size":1,"status":"Core","author":"None","walltime":0.003014188,"count":341}}
{"time":"2018-09-09T12:11:56.513","ms":"9.000","sessionId":"t2i4f4fglc","q":"(:q \"pick green 2; pick blue 2\")","lines":[],"count":344,"stats":{"type":"q","size":4,"status":"Induced","author":"Self","walltime":0.007454166,"count":344}}
{"time":"2018-09-09T12:12:07.767","ms":"5.000","sessionId":"t2i4f4fglc","q":"(:q \"visit room2\")","lines":[],"count":347,"stats":{"type":"q","size":1,"status":"Core","author":"None","walltime":0.00327279,"count":347}}
{"time":"2018-09-09T12:12:14.555","ms":"4.000","sessionId":"t2i4f4fglc","q":"(:q \"drop every item\")","lines":[],"count":350,"stats":{"type":"q","size":1,"status":"Core","author":"None","walltime":0.00318572,"count":350}}
{"time":"2018-09-09T12:12:18.473","ms":"4.000","sessionId":"t2i4f4fglc","q":"(:q \"move left\")","lines":[],"count":353,"stats":{"type":"q","size":1,"status":"Core","author":"None","walltime":0.002918675,"count":353}}
{"time":"2018-09-09T12:12:52.390","ms":"3.000","sessionId":"t2i4f4fglc","q":"(:q \"pick all red\")","lines":[],"count":356,"stats":{"type":"q","size":2,"status":"Induced","author":"Self","walltime":0.002291767,"count":356}}
{"time":"2018-09-09T12:13:01.815","ms":"5.000","sessionId":"t2i4f4fglc","q":"(:q \"visit room1\")","lines":[],"count":359,"stats":{"type":"q","size":1,"status":"Core","author":"None","walltime":0.003732235,"count":359}}
{"time":"2018-09-09T12:13:06.559","ms":"9.000","sessionId":"t2i4f4fglc","q":"(:q \"visit room3\")","lines":[],"count":361,"stats":{"type":"q","size":1,"status":"Core","author":"None","walltime":0.007362865,"count":361}}
{"time":"2018-09-09T12:14:14.565","ms":"7.000","sessionId":"t2i4f4fglc","q":"(:q \"{drop item; move left} 3\")","lines":[],"count":364,"stats":{"type":"q","size":1,"status":"Induced","author":"Self","walltime":0.004945112,"count":364}}
{"time":"2018-09-09T12:14:30.336","ms":"7.000","sessionId":"t2i4f4fglc","q":"(:q \"pick all green\")","lines":[],"count":367,"stats":{"type":"q","size":2,"status":"Induced","author":"Self","walltime":0.005250897,"count":367}}
{"time":"2018-09-09T12:15:03.616","ms":"10.000","sessionId":"t2i4f4fglc","q":"(:q \"while robot has item {visit empty; drop item}\")","lines":[],"count":370,"stats":{"type":"q","size":1,"status":"Induced","author":"Self","walltime":0.008271544,"count":370}}
{"time":"2018-09-09T12:15:44.617","ms":"16.000","sessionId":"t2i4f4fglc","q":"(:q \"pick all blue; pick all red\")","lines":[],"count":373,"stats":{"type":"q","size":4,"status":"Induced","author":"Self","walltime":0.013787073,"count":373}}
{"time":"2018-09-09T12:16:10.293","ms":"11.000","sessionId":"t2i4f4fglc","q":"(:q \"foreach area in rooms {visit area; drop item}\")","lines":[],"count":376,"stats":{"type":"q","size":1,"status":"Core","author":"None","walltime":0.008933869,"count":376}}
{"time":"2018-09-09T12:16:26.664","ms":"4.000","sessionId":"t2i4f4fglc","q":"(:q \"drop item\")","lines":[],"count":379,"stats":{"type":"q","size":1,"status":"Core","author":"None","walltime":0.002811004,"count":379}}
{"time":"2018-09-09T12:17:01.527","ms":"4.000","sessionId":"t2i4f4fglc","q":"(:q \"pick all item\")","lines":[],"count":382,"stats":{"type":"q","size":2,"status":"Induced","author":"Self","walltime":0.003805388,"count":382}}
{"time":"2018-09-09T12:17:29.875","ms":"5.000","sessionId":"t2i4f4fglc","q":"(:q \"visit [0, 0]; drop all blue\")","lines":[],"count":385,"stats":{"type":"q","size":1,"status":"Induced","author":"Self","walltime":0.003593321,"count":385}}
{"time":"2018-09-09T12:17:37.670","ms":"4.000","sessionId":"t2i4f4fglc","q":"(:q \"move left\")","lines":[],"count":388,"stats":{"type":"q","size":1,"status":"Core","author":"None","walltime":0.002565054,"count":388}}
{"time":"2018-09-09T12:17:41.205","ms":"3.000","sessionId":"t2i4f4fglc","q":"(:q \"move right\")","lines":[],"count":390,"stats":{"type":"q","size":1,"status":"Core","author":"None","walltime":0.002019729,"count":390}}
{"time":"2018-09-09T12:17:48.768","ms":"3.000","sessionId":"t2i4f4fglc","q":"(:q \"drop all blue\")","lines":[],"count":392,"stats":{"type":"q","size":1,"status":"Induced","author":"Self","walltime":0.002525951,"count":392}}
{"time":"2018-09-09T12:17:56.180","ms":"4.000","sessionId":"t2i4f4fglc","q":"(:q \"drop all blue\")","lines":[],"count":395,"stats":{"type":"q","size":1,"status":"Induced","author":"Self","walltime":0.002767105,"count":395}}
{"time":"2018-09-09T12:18:26.921","ms":"4.000","sessionId":"t2i4f4fglc","q":"(:q \"while robot has blue {drop item is blue}\")","lines":[],"count":397,"stats":{"type":"q","size":0,"status":"Nothing","author":"None","walltime":0.002682397,"count":397}}
{"time":"2018-09-09T12:18:36.660","ms":"7.000","sessionId":"t2i4f4fglc","q":"(:q \"while robot has item is blue {drop item is blue}\")","lines":[],"count":399,"stats":{"type":"q","size":1,"status":"Core","author":"None","walltime":0.005473342,"count":399}}
{"time":"2018-09-09T12:19:34.150","ms":"7.000","sessionId":"t2i4f4fglc","q":"(:q \"visit [1, 1]; drop all yellow robot has\")","lines":[],"count":403,"stats":{"type":"q","size":2,"status":"Induced","author":"Self","walltime":0.005425503,"count":403}}
{"time":"2018-09-09T12:19:49.977","ms":"5.000","sessionId":"t2i4f4fglc","q":"(:q \"visit [3, 4]; drop all green robot has\")","lines":[],"count":406,"stats":{"type":"q","size":2,"status":"Induced","author":"Self","walltime":0.004529892,"count":406}}
{"time":"2018-09-09T12:20:03.316","ms":"8.000","sessionId":"t2i4f4fglc","q":"(:q \"visit [5, 8]; drop all red robot has\")","lines":[],"count":409,"stats":{"type":"q","size":2,"status":"Induced","author":"Self","walltime":0.006647302,"count":409}}
{"time":"2018-09-09T12:20:28.086","ms":"7.000","sessionId":"t2i4f4fglc","q":"(:q \"pick all red\")","lines":[],"count":412,"stats":{"type":"q","size":2,"status":"Induced","author":"Self","walltime":0.005881415,"count":412}}
{"time":"2018-09-09T12:20:52.557","ms":"6.000","sessionId":"t2i4f4fglc","q":"(:q \"visit yellow\")","lines":[],"count":417,"stats":{"type":"q","size":2,"status":"Induced","author":"Self","walltime":0.004181781,"count":417}}
{"time":"2018-09-09T12:21:12.668","ms":"3.000","sessionId":"t2i4f4fglc","q":"(:q \"drop every item is red\")","lines":[],"count":420,"stats":{"type":"q","size":1,"status":"Core","author":"None","walltime":0.001958904,"count":420}}
{"time":"2018-09-09T12:21:17.712","ms":"4.000","sessionId":"t2i4f4fglc","q":"(:q \"move left\")","lines":[],"count":423,"stats":{"type":"q","size":1,"status":"Core","author":"None","walltime":0.002471607,"count":423}}
{"time":"2018-09-09T12:21:30.945","ms":"3.000","sessionId":"t2i4f4fglc","q":"(:q \"pick all\")","lines":[],"count":425,"stats":{"type":"q","size":0,"status":"Nothing","author":"None","walltime":0.001855584,"count":425}}
{"time":"2018-09-09T12:21:37.967","ms":"154.000","sessionId":"t2i4f4fglc","q":"(:q \"pick every item\")","lines":[],"count":427,"stats":{"type":"q","size":1,"status":"Core","author":"None","walltime":0.150076522,"count":427}}
{"time":"2018-09-09T12:21:48.916","ms":"9.000","sessionId":"t2i4f4fglc","q":"(:q \"pick all item\")","lines":[],"count":430,"stats":{"type":"q","size":2,"status":"Induced","author":"Self","walltime":0.007508866,"count":430}}
{"time":"2018-09-09T12:23:16.140","ms":"5.000","sessionId":"t2i4f4fglc","q":"(:q \"foreach area in rooms {drop item}\")","lines":[],"count":433,"stats":{"type":"q","size":1,"status":"Core","author":"None","walltime":0.003811733,"count":433}}
{"time":"2018-09-09T12:23:30.253","ms":"2.000","sessionId":"t2i4f4fglc","q":"(:q \"move left\")","lines":[],"count":436,"stats":{"type":"q","size":1,"status":"Core","author":"None","walltime":0.001335473,"count":436}}
{"time":"2018-09-09T12:23:39.975","ms":"3.000","sessionId":"t2i4f4fglc","q":"(:q \"pick all\")","lines":[],"count":438,"stats":{"type":"q","size":0,"status":"Nothing","author":"None","walltime":0.001854918,"count":438}}
{"time":"2018-09-09T12:23:44.515","ms":"5.000","sessionId":"t2i4f4fglc","q":"(:q \"pick all item\")","lines":[],"count":440,"stats":{"type":"q","size":2,"status":"Induced","author":"Self","walltime":0.00355656,"count":440}}
{"time":"2018-09-09T12:24:04.762","ms":"4.000","sessionId":"t2i4f4fglc","q":"(:q \"foreach are in rooms {visit area; drop item}\")","lines":[],"count":443,"stats":{"type":"q","size":0,"status":"Nothing","author":"None","walltime":0.003135675,"count":443}}
{"time":"2018-09-09T12:24:14.427","ms":"5.000","sessionId":"t2i4f4fglc","q":"(:q \"foreach area in rooms {visit area; drop item}\")","lines":[],"count":445,"stats":{"type":"q","size":1,"status":"Core","author":"None","walltime":0.003794041,"count":445}}
{"time":"2018-09-09T12:25:56.506","ms":"5.000","sessionId":"t2i4f4fglc","q":"(:q \"drop all item\")","lines":[],"count":448,"stats":{"type":"q","size":1,"status":"Induced","author":"Self","walltime":0.00428846,"count":448}}
{"time":"2018-09-09T12:26:22.297","ms":"34.000","sessionId":"t2i4f4fglc","q":"(:q \"pick all red; pick all yellow; pick all blue\")","lines":[],"count":451,"stats":{"type":"q","size":8,"status":"Induced","author":"Self","walltime":0.030107509,"count":451}}
{"time":"2018-09-09T12:26:29.176","ms":"4.000","sessionId":"t2i4f4fglc","q":"(:q \"visit room3\")","lines":[],"count":454,"stats":{"type":"q","size":1,"status":"Core","author":"None","walltime":0.00221017,"count":454}}
{"time":"2018-09-09T12:26:35.273","ms":"4.000","sessionId":"t2i4f4fglc","q":"(:q \"move right\")","lines":[],"count":457,"stats":{"type":"q","size":1,"status":"Core","author":"None","walltime":0.00231584,"count":457}}
{"time":"2018-09-09T12:27:04.191","ms":"4.000","sessionId":"t2i4f4fglc","q":"(:q \"while robot has red {drop item is yellow; move right}\")","lines":[],"count":460,"stats":{"type":"q","size":0,"status":"Nothing","author":"None","walltime":0.003324496,"count":460}}
{"time":"2018-09-09T12:27:13.500","ms":"19.000","sessionId":"t2i4f4fglc","q":"(:q \"while robot has item is red {drop item is yellow; move right}\")","lines":[],"count":462,"stats":{"type":"q","size":1,"status":"Core","author":"None","walltime":0.017541993,"count":462}}
{"time":"2018-09-09T12:27:32.014","ms":"10.000","sessionId":"t2i4f4fglc","q":"(:q \"while robot has item is red {drop item is red; move right}\")","lines":[],"count":464,"stats":{"type":"q","size":1,"status":"Core","author":"None","walltime":0.008898642,"count":464}}
{"time":"2018-09-09T12:27:51.249","ms":"5.000","sessionId":"t2i4f4fglc","q":"(:q \"move up; move left 4\")","lines":[],"count":467,"stats":{"type":"q","size":2,"status":"Induced","author":"Self","walltime":0.003950692,"count":467}}
{"time":"2018-09-09T12:27:56.494","ms":"4.000","sessionId":"t2i4f4fglc","q":"(:q \"move right\")","lines":[],"count":470,"stats":{"type":"q","size":1,"status":"Core","author":"None","walltime":0.003115736,"count":470}}
{"time":"2018-09-09T12:29:15.379","ms":"7.000","sessionId":"t2i4f4fglc","q":"(:q \"while robot has item is yellow {drop yellow; move right}\")","lines":[],"count":473,"stats":{"type":"q","size":1,"status":"Induced","author":"Self","walltime":0.005334623,"count":473}}
{"time":"2018-09-09T12:29:23.316","ms":"3.000","sessionId":"t2i4f4fglc","q":"(:q \"move up\")","lines":[],"count":476,"stats":{"type":"q","size":1,"status":"Core","author":"None","walltime":0.002214574,"count":476}}
{"time":"2018-09-09T12:29:43.170","ms":"9.000","sessionId":"t2i4f4fglc","q":"(:q \"while robot has item is blue {drop blue; move right}\")","lines":[],"count":479,"stats":{"type":"q","size":1,"status":"Induced","author":"Self","walltime":0.008103427,"count":479}}
